[2018-04-15 06:51:31][INFO   ]  Два аргумента                                     {Town main}
[2018-04-15 06:51:58][INFO   ]  Два аргумента                                     {Town main}
[2018-04-15 06:52:05][INFO   ]  Один аргумент                                     {Town main}
[2018-04-15 08:24:12][INFO   ]  Without argument                                  {GetGreeting getGreeting}
[2018-04-15 10:01:02][INFO   ]  Without argument                                  {GetGreeting getGreeting}
[2018-04-15 10:01:18][INFO   ]  Submitted one argument                            {GetGreeting getGreeting}
[2018-04-15 10:01:18][INFO   ]  Timezone is changed                               {GetGreeting getTimeZone}
[2018-04-15 10:01:18][INFO   ]  Encoding is done                                  {GetGreeting getEncode}
[2018-04-15 10:01:18][INFO   ]  end                                               {GetGreeting getGreeting}
[2018-04-15 10:01:37][INFO   ]  Submited two arguments                            {GetGreeting getGreeting}
[2018-04-15 10:01:37][INFO   ]  Encoding is done                                  {GetGreeting getEncode}
[2018-04-15 10:01:37][INFO   ]  end                                               {GetGreeting getGreeting}
[2018-04-16 09:27:56][INFO   ]  Get system locale is done: ru                     {GetGreeting getLocale}
[2018-04-16 09:27:56][INFO   ]  Get res is done: ru                               {GetGreeting getRes}
[2018-04-16 09:27:56][INFO   ]  Without argument                                  {GetGreeting getGreeting}
[2018-04-16 09:28:08][INFO   ]  Get system locale is done: ru                     {GetGreeting getLocale}
[2018-04-16 09:28:08][INFO   ]  Get res is done: ru                               {GetGreeting getRes}
[2018-04-16 09:28:08][INFO   ]  Submitted one argument                            {GetGreeting getGreeting}
[2018-04-16 09:28:08][INFO   ]  Timezone is default                               {GetGreeting getTimeZoneInTown}
[2018-04-16 09:28:08][INFO   ]  Get time is done: 9                               {GetGreeting getHour}
[2018-04-16 09:28:08][INFO   ]  Town = AnyTown; Time = 9; Res = ru                {GetGreeting getGreeting}
[2018-04-16 09:28:08][INFO   ]  Encoding is done                                  {GetGreeting getEncode}
[2018-04-16 09:28:08][INFO   ]  --- Return greeting: Добрый день, AnyTown! ---    {GetGreeting getGreeting}
